<?xml version="1.0" encoding="UTF-8"?>
<testsuites name="Mocha Tests" time="26.2190" tests="75" failures="0">
  <testsuite name="Root Suite" timestamp="2022-07-27T11:02:22" tests="0" time="0.0000" failures="0">
  </testsuite>
  <testsuite name="Integration tests" timestamp="2022-07-27T11:02:22" tests="0" file="/home/fabianorodrigo/Projetos/solidity/dappsoccerbet/backend-hardhat/test/integration/index.ts" time="0.0000" failures="0">
  </testsuite>
  <testsuite name="Bet Token" timestamp="2022-07-27T11:02:22" tests="0" file="/home/fabianorodrigo/Projetos/solidity/dappsoccerbet/backend-hardhat/test/integration/index.ts" time="0.0000" failures="0">
  </testsuite>
  <testsuite name="#exchange4Ether" timestamp="2022-07-27T11:02:22" tests="3" file="/home/fabianorodrigo/Projetos/solidity/dappsoccerbet/backend-hardhat/test/integration/index.ts" time="1.2490" failures="0">
    <testcase name="Integration tests Bet Token #exchange4Ether Should exchange Bet Tokens for Ether and emit event &apos;Transfer&apos;" time="0.2040" classname="Should exchange Bet Tokens for Ether and emit event &apos;Transfer&apos;">
    </testcase>
    <testcase name="Integration tests Bet Token #exchange4Ether Should revert if someone without Bet Tokens try to exchange for Ether" time="0.0540" classname="Should revert if someone without Bet Tokens try to exchange for Ether">
    </testcase>
    <testcase name="Integration tests Bet Token #exchange4Ether Should revert when try to exchange Bet Tokens for Ether when contract is paused" time="0.2440" classname="Should revert when try to exchange Bet Tokens for Ether when contract is paused">
    </testcase>
  </testsuite>
  <testsuite name="#sendTransaction" timestamp="2022-07-27T11:02:24" tests="2" file="/home/fabianorodrigo/Projetos/solidity/dappsoccerbet/backend-hardhat/test/integration/index.ts" time="0.2420" failures="0">
    <testcase name="Integration tests Bet Token #sendTransaction Should buy some tokens with Ether and emit event &apos;TokenMinted" time="0.1760" classname="Should buy some tokens with Ether and emit event &apos;TokenMinted">
    </testcase>
    <testcase name="Integration tests Bet Token #sendTransaction Should revert when try to send Ether to the BetToken contract paused" time="0.0660" classname="Should revert when try to send Ether to the BetToken contract paused">
    </testcase>
  </testsuite>
  <testsuite name="#destroyContract" timestamp="2022-07-27T11:02:24" tests="4" file="/home/fabianorodrigo/Projetos/solidity/dappsoccerbet/backend-hardhat/test/integration/index.ts" time="0.4830" failures="0">
    <testcase name="Integration tests Bet Token #destroyContract Should revert if someone different from owner try destroy contract" time="0.0680" classname="Should revert if someone different from owner try destroy contract">
    </testcase>
    <testcase name="Integration tests Bet Token #destroyContract Should revert if try to call destroyContract direct to the implementation contract is spite of the proxy" time="0.0580" classname="Should revert if try to call destroyContract direct to the implementation contract is spite of the proxy">
    </testcase>
    <testcase name="Integration tests Bet Token #destroyContract Should revert when try to destroy a paused BetToken contract" time="0.1830" classname="Should revert when try to destroy a paused BetToken contract">
    </testcase>
    <testcase name="Integration tests Bet Token #destroyContract Should Ether goes to ERC20 owner after destroy contract" time="0.1710" classname="Should Ether goes to ERC20 owner after destroy contract">
    </testcase>
  </testsuite>
  <testsuite name="Calculator" timestamp="2022-07-27T11:02:24" tests="0" file="/home/fabianorodrigo/Projetos/solidity/dappsoccerbet/backend-hardhat/test/integration/index.ts" time="0.0000" failures="0">
  </testsuite>
  <testsuite name="#calcPercentage" timestamp="2022-07-27T11:02:24" tests="3" file="/home/fabianorodrigo/Projetos/solidity/dappsoccerbet/backend-hardhat/test/integration/index.ts" time="0.2000" failures="0">
    <testcase name="Integration tests Calculator #calcPercentage Should return 0 as 1% of numbers up to 99" time="0.0150" classname="Should return 0 as 1% of numbers up to 99">
    </testcase>
    <testcase name="Integration tests Calculator #calcPercentage Should return 1 as 1% of numbers between 100 and 199" time="0.0170" classname="Should return 1 as 1% of numbers between 100 and 199">
    </testcase>
    <testcase name="Integration tests Calculator #calcPercentage Should return 100% of numbers" time="0.0230" classname="Should return 100% of numbers">
    </testcase>
  </testsuite>
  <testsuite name="GameFactory" timestamp="2022-07-27T11:02:24" tests="0" file="/home/fabianorodrigo/Projetos/solidity/dappsoccerbet/backend-hardhat/test/integration/index.ts" time="0.0000" failures="0">
  </testsuite>
  <testsuite name="#createGame" timestamp="2022-07-27T11:02:24" tests="2" file="/home/fabianorodrigo/Projetos/solidity/dappsoccerbet/backend-hardhat/test/integration/index.ts" time="0.5250" failures="0">
    <testcase name="Integration tests GameFactory #createGame Should create a new game" time="0.0630" classname="Should create a new game">
    </testcase>
    <testcase name="Integration tests GameFactory #createGame Should catch events CreateGame" time="0.0950" classname="Should catch events CreateGame">
    </testcase>
  </testsuite>
  <testsuite name="#setCommission" timestamp="2022-07-27T11:02:25" tests="2" file="/home/fabianorodrigo/Projetos/solidity/dappsoccerbet/backend-hardhat/test/integration/index.ts" time="0.1210" failures="0">
    <testcase name="Integration tests GameFactory #setCommission Should set commision fee for future created Games and emit event &apos;CommissionChanged&apos;" time="0.0890" classname="Should set commision fee for future created Games and emit event &apos;CommissionChanged&apos;">
    </testcase>
    <testcase name="Integration tests GameFactory #setCommission Should revert if someone different from owner try set commission" time="0.0300" classname="Should revert if someone different from owner try set commission">
    </testcase>
  </testsuite>
  <testsuite name="Game" timestamp="2022-07-27T11:02:25" tests="0" file="/home/fabianorodrigo/Projetos/solidity/dappsoccerbet/backend-hardhat/test/integration/index.ts" time="0.0000" failures="0">
  </testsuite>
  <testsuite name="#new" timestamp="2022-07-27T11:02:25" tests="1" file="/home/fabianorodrigo/Projetos/solidity/dappsoccerbet/backend-hardhat/test/integration/index.ts" time="0.3970" failures="0">
    <testcase name="Integration tests Game #new Should have the initial state accordingly" time="0.0230" classname="Should have the initial state accordingly">
    </testcase>
  </testsuite>
  <testsuite name="#GetProperties" timestamp="2022-07-27T11:02:26" tests="0" file="/home/fabianorodrigo/Projetos/solidity/dappsoccerbet/backend-hardhat/test/integration/index.ts" time="0.0000" failures="0">
  </testsuite>
  <testsuite name="#getters" timestamp="2022-07-27T11:02:26" tests="4" file="/home/fabianorodrigo/Projetos/solidity/dappsoccerbet/backend-hardhat/test/integration/index.ts" time="1.5970" failures="0">
    <testcase name="Integration tests Game #GetProperties #getters Should list all bets on an game" time="0.0130" classname="Should list all bets on an game">
    </testcase>
    <testcase name="Integration tests Game #GetProperties #getters Should get the sum of BetTokens bet on an game" time="0.0050" classname="Should get the sum of BetTokens bet on an game">
    </testcase>
    <testcase name="Integration tests Game #GetProperties #getters Should get the percentage of administration commission applyed over the stake of a game" time="0.0080" classname="Should get the percentage of administration commission applyed over the stake of a game">
    </testcase>
    <testcase name="Integration tests Game #GetProperties #getters Should get the total stake of a game less the administration commission" time="0.0110" classname="Should get the total stake of a game less the administration commission">
    </testcase>
  </testsuite>
  <testsuite name="#open" timestamp="2022-07-27T11:02:27" tests="4" file="/home/fabianorodrigo/Projetos/solidity/dappsoccerbet/backend-hardhat/test/integration/index.ts" time="0.1890" failures="0">
    <testcase name="Integration tests Game #open Should open closed game for betting and emit event &apos;GameOpened&apos;" time="0.0360" classname="Should open closed game for betting and emit event &apos;GameOpened&apos;">
    </testcase>
    <testcase name="Integration tests Game #open Should revert when try open for betting an already open game" time="0.0530" classname="Should revert when try open for betting an already open game">
    </testcase>
    <testcase name="Integration tests Game #open Should revert if someone different from owner try open a game for betting" time="0.0270" classname="Should revert if someone different from owner try open a game for betting">
    </testcase>
    <testcase name="Integration tests Game #open Should revert if try to call OPEN direct to the implementation contract is spite of the minimal proxy" time="0.0700" classname="Should revert if try to call OPEN direct to the implementation contract is spite of the minimal proxy">
    </testcase>
  </testsuite>
  <testsuite name="#bet" timestamp="2022-07-27T11:02:27" tests="7" file="/home/fabianorodrigo/Projetos/solidity/dappsoccerbet/backend-hardhat/test/integration/index.ts" time="1.0290" failures="0">
    <testcase name="Integration tests Game #bet Should make a bet on an open game and emit events: &apos;Approval&apos; and &apos;BetOnGame&apos;" time="0.2830" classname="Should make a bet on an open game and emit events: &apos;Approval&apos; and &apos;BetOnGame&apos;">
    </testcase>
    <testcase name="Integration tests Game #bet Should revert if try to bet on a closed game" time="0.1400" classname="Should revert if try to bet on a closed game">
    </testcase>
    <testcase name="Integration tests Game #bet Should revert if try to bet zero BetTokens on a game" time="0.0570" classname="Should revert if try to bet zero BetTokens on a game">
    </testcase>
    <testcase name="Integration tests Game #bet Should revert if try to bet on a game without Bet Tokens" time="0.0720" classname="Should revert if try to bet on a game without Bet Tokens">
    </testcase>
    <testcase name="Integration tests Game #bet Should revert if try to bet on a game without approve enough Bet Tokens for Game contract" time="0.2230" classname="Should revert if try to bet on a game without approve enough Bet Tokens for Game contract">
    </testcase>
    <testcase name="Integration tests Game #bet Should revert if try to bet on a paused game" time="0.1920" classname="Should revert if try to bet on a paused game">
    </testcase>
    <testcase name="Integration tests Game #bet Should revert if try to call BET direct to the implementation contract is spite of the minimal proxy" time="0.0570" classname="Should revert if try to call BET direct to the implementation contract is spite of the minimal proxy">
    </testcase>
  </testsuite>
  <testsuite name="#close" timestamp="2022-07-27T11:02:28" tests="8" file="/home/fabianorodrigo/Projetos/solidity/dappsoccerbet/backend-hardhat/test/integration/index.ts" time="0.4400" failures="0">
    <testcase name="Integration tests Game #close Should close open game for betting and emit event &apos;GameClosed&apos;" time="0.0600" classname="Should close open game for betting and emit event &apos;GameClosed&apos;">
    </testcase>
    <testcase name="Integration tests Game #close Should revert if try close for betting a closed game" time="0.0280" classname="Should revert if try close for betting a closed game">
    </testcase>
    <testcase name="Integration tests Game #close Should not be allowed someone different from owner close a game for betting before it has begun" time="0.0390" classname="Should not be allowed someone different from owner close a game for betting before it has begun">
    </testcase>
    <testcase name="Integration tests Game #close Should revert if someone different from owner try close a game for betting before it has begun" time="0.0690" classname="Should revert if someone different from owner try close a game for betting before it has begun">
    </testcase>
    <testcase name="Integration tests Game #close Should be allowed someone different from owner close a game for betting 15min after it has begun" time="0.0430" classname="Should be allowed someone different from owner close a game for betting 15min after it has begun">
    </testcase>
    <testcase name="Integration tests Game #close Should close open game for betting and emit event &apos;GameClosed&apos; if the game has already begun even if it&apos;s not the owner" time="0.0670" classname="Should close open game for betting and emit event &apos;GameClosed&apos; if the game has already begun even if it&apos;s not the owner">
    </testcase>
    <testcase name="Integration tests Game #close Should revert if try to close a paused game" time="0.0770" classname="Should revert if try to close a paused game">
    </testcase>
    <testcase name="Integration tests Game #close Should revert if try to call CLOSE direct to the implementation contract is spite of the minimal proxy" time="0.0520" classname="Should revert if try to call CLOSE direct to the implementation contract is spite of the minimal proxy">
    </testcase>
  </testsuite>
  <testsuite name="#finalize" timestamp="2022-07-27T11:02:29" tests="9" file="/home/fabianorodrigo/Projetos/solidity/dappsoccerbet/backend-hardhat/test/integration/index.ts" time="0.6010" failures="0">
    <testcase name="Integration tests Game #finalize Should finalize a closed game and emit event &apos;GameFinalized&apos;" time="0.0820" classname="Should finalize a closed game and emit event &apos;GameFinalized&apos;">
    </testcase>
    <testcase name="Integration tests Game #finalize Should revert if try to finalize an open game" time="0.0820" classname="Should revert if try to finalize an open game">
    </testcase>
    <testcase name="Integration tests Game #finalize Should revert if try to finalize an already finalized game" time="0.0550" classname="Should revert if try to finalize an already finalized game">
    </testcase>
    <testcase name="Integration tests Game #finalize Should not be allowed someone different from owner finalize a game before has passed 48 hours of it&apos;s starting time" time="0.0830" classname="Should not be allowed someone different from owner finalize a game before has passed 48 hours of it&apos;s starting time">
    </testcase>
    <testcase name="Integration tests Game #finalize Should revert if someone different from owner try finalize a game before passed 48 hours from game starting time" time="0.0380" classname="Should revert if someone different from owner try finalize a game before passed 48 hours from game starting time">
    </testcase>
    <testcase name="Integration tests Game #finalize Should be allowed someone different from owner finalize a game for betting 48 after it has begun" time="0.0710" classname="Should be allowed someone different from owner finalize a game for betting 48 after it has begun">
    </testcase>
    <testcase name="Integration tests Game #finalize Should finalize a closed game and emit event &apos;GameFinalized&apos; if has passed 48 hours of game starting time even if it&apos;s not the owner" time="0.0540" classname="Should finalize a closed game and emit event &apos;GameFinalized&apos; if has passed 48 hours of game starting time even if it&apos;s not the owner">
    </testcase>
    <testcase name="Integration tests Game #finalize Should revert if try to finalize a paused game" time="0.0650" classname="Should revert if try to finalize a paused game">
    </testcase>
    <testcase name="Integration tests Game #finalize Should revert if try to call FINALIZE direct to the implementation contract is spite of the minimal proxy" time="0.0640" classname="Should revert if try to call FINALIZE direct to the implementation contract is spite of the minimal proxy">
    </testcase>
  </testsuite>
  <testsuite name="#identifyWinners" timestamp="2022-07-27T11:02:29" tests="6" file="/home/fabianorodrigo/Projetos/solidity/dappsoccerbet/backend-hardhat/test/integration/index.ts" time="5.3490" failures="0">
    <testcase name="Integration tests Game #identifyWinners Should revert when the game is not finalized yet" time="0.9330" classname="Should revert when the game is not finalized yet">
    </testcase>
    <testcase name="Integration tests Game #identifyWinners Should revert when the game&apos;s winners have been already identified" time="0.8850" classname="Should revert when the game&apos;s winners have been already identified">
    </testcase>
    <testcase name="Integration tests Game #identifyWinners Should revert when try to identify winners of a paused game" time="0.8930" classname="Should revert when try to identify winners of a paused game">
    </testcase>
    <testcase name="Integration tests Game #identifyWinners Should identify winners of a game where only one matched the final score and emit event &apos;GameWinnersIdentified&apos;" time="0.8950" classname="Should identify winners of a game where only one matched the final score and emit event &apos;GameWinnersIdentified&apos;">
    </testcase>
    <testcase name="Integration tests Game #identifyWinners Should identify winners of a game where more than one matched the final score and emit event &apos;GameWinnersIdentified&apos;" time="0.8900" classname="Should identify winners of a game where more than one matched the final score and emit event &apos;GameWinnersIdentified&apos;">
    </testcase>
    <testcase name="Integration tests Game #identifyWinners Should not identify winners if nobody matched the final score and emit event &apos;GameWinnersIdentified&apos;" time="0.8460" classname="Should not identify winners if nobody matched the final score and emit event &apos;GameWinnersIdentified&apos;">
    </testcase>
  </testsuite>
  <testsuite name="#calcPrizes" timestamp="2022-07-27T11:02:35" tests="6" file="/home/fabianorodrigo/Projetos/solidity/dappsoccerbet/backend-hardhat/test/integration/index.ts" time="5.2470" failures="0">
    <testcase name="Integration tests Game #calcPrizes Should revert when the game&apos;s winners have NOT been identified yet" time="0.8120" classname="Should revert when the game&apos;s winners have NOT been identified yet">
    </testcase>
    <testcase name="Integration tests Game #calcPrizes Should revert when the game&apos;s prizes have been already calculated" time="0.8880" classname="Should revert when the game&apos;s prizes have been already calculated">
    </testcase>
    <testcase name="Integration tests Game #calcPrizes Should revert when try to calc prizes of a paused game" time="0.8750" classname="Should revert when try to calc prizes of a paused game">
    </testcase>
    <testcase name="Integration tests Game #calcPrizes Should pay 90% of stake to the only one who matched the final score" time="0.8780" classname="Should pay 90% of stake to the only one who matched the final score">
    </testcase>
    <testcase name="Integration tests Game #calcPrizes Should split proportionally 90% of stake to the multiples who matched the final score" time="0.9110" classname="Should split proportionally 90% of stake to the multiples who matched the final score">
    </testcase>
    <testcase name="Integration tests Game #calcPrizes Should refund 90% of stake to all bets if nobody matches the final score" time="0.8780" classname="Should refund 90% of stake to all bets if nobody matches the final score">
    </testcase>
  </testsuite>
  <testsuite name="#withdrawPrize" timestamp="2022-07-27T11:02:40" tests="9" file="/home/fabianorodrigo/Projetos/solidity/dappsoccerbet/backend-hardhat/test/integration/index.ts" time="8.1970" failures="0">
    <testcase name="Integration tests Game #withdrawPrize Should revert if an inexistent bet index is informed" time="0.8700" classname="Should revert if an inexistent bet index is informed">
    </testcase>
    <testcase name="Integration tests Game #withdrawPrize Should revert if try to withdraw the prize of a loser bet" time="0.8850" classname="Should revert if try to withdraw the prize of a loser bet">
    </testcase>
    <testcase name="Integration tests Game #withdrawPrize Should revert if try to withdraw the prize of already paid bet" time="0.9190" classname="Should revert if try to withdraw the prize of already paid bet">
    </testcase>
    <testcase name="Integration tests Game #withdrawPrize Should revert if an account different from the bet&apos;s bettor is trying to withdraw the prize" time="0.8790" classname="Should revert if an account different from the bet&apos;s bettor is trying to withdraw the prize">
    </testcase>
    <testcase name="Integration tests Game #withdrawPrize Should revert when try to withdraw prizes from a paused game" time="0.9100" classname="Should revert when try to withdraw prizes from a paused game">
    </testcase>
    <testcase name="Integration tests Game #withdrawPrize Should withdraw 90% of stake to the winner bet" time="0.9170" classname="Should withdraw 90% of stake to the winner bet">
    </testcase>
    <testcase name="Integration tests Game #withdrawPrize Should split proportionally 90% of stake to the winners bets" time="0.9630" classname="Should split proportionally 90% of stake to the winners bets">
    </testcase>
    <testcase name="Integration tests Game #withdrawPrize Should refund 90% of stake to all bets if nobody matches the final score" time="1.0070" classname="Should refund 90% of stake to all bets if nobody matches the final score">
    </testcase>
    <testcase name="Integration tests Game #withdrawPrize Should revert if try to withdraw the prize of a game that has not calculated the prize yet" time="0.8400" classname="Should revert if try to withdraw the prize of a game that has not calculated the prize yet">
    </testcase>
  </testsuite>
  <testsuite name="#destroyContract" timestamp="2022-07-27T11:02:48" tests="5" file="/home/fabianorodrigo/Projetos/solidity/dappsoccerbet/backend-hardhat/test/integration/index.ts" time="0.2220" failures="0">
    <testcase name="Integration tests Game #destroyContract Should eventual Ether balance of Game contract be sent to the owner" time="0.0550" classname="Should eventual Ether balance of Game contract be sent to the owner">
    </testcase>
    <testcase name="Integration tests Game #destroyContract Should revert if someone different from owner try destroy contract" time="0.0180" classname="Should revert if someone different from owner try destroy contract">
    </testcase>
    <testcase name="Integration tests Game #destroyContract Should revert when send Ether to the contract" time="0.0160" classname="Should revert when send Ether to the contract">
    </testcase>
    <testcase name="Integration tests Game #destroyContract Should revert if try to call destroyContract direct to the implementation contract is spite of the minimal proxy" time="0.0580" classname="Should revert if try to call destroyContract direct to the implementation contract is spite of the minimal proxy">
    </testcase>
    <testcase name="Integration tests Game #destroyContract Should revert when try to destroy a paused game" time="0.0690" classname="Should revert when try to destroy a paused game">
    </testcase>
  </testsuite>
</testsuites>