<?xml version="1.0" encoding="UTF-8"?>
<testsuites name="Mocha Tests" time="17.8600" tests="47" failures="0">
  <testsuite name="Root Suite" timestamp="2022-03-21T08:47:08" tests="0" time="0.0000" failures="0">
  </testsuite>
  <testsuite name="Token" timestamp="2022-03-21T08:47:08" tests="3" file="/home/fabianorodrigo/Projetos/solidity/dAppSoccerBet/backend-hardhat/test/BetTokenTest.ts" time="1.1330" failures="0">
    <testcase name="Token Should buy some tokens with Ether" time="0.3190" classname="Should buy some tokens with Ether">
    </testcase>
    <testcase name="Token Should revert if someone different from owner try destroy contract" time="0.0190" classname="Should revert if someone different from owner try destroy contract">
    </testcase>
    <testcase name="Token Should Ether goes to ERC20 owner after destroy contract" time="0.1230" classname="Should Ether goes to ERC20 owner after destroy contract">
    </testcase>
  </testsuite>
  <testsuite name="Calculator" timestamp="2022-03-21T08:47:09" tests="0" file="/home/fabianorodrigo/Projetos/solidity/dAppSoccerBet/backend-hardhat/test/CalculatorTest.ts" time="0.0000" failures="0">
  </testsuite>
  <testsuite name="calcPercentage" timestamp="2022-03-21T08:47:09" tests="3" file="/home/fabianorodrigo/Projetos/solidity/dAppSoccerBet/backend-hardhat/test/CalculatorTest.ts" time="0.0770" failures="0">
    <testcase name="Calculator calcPercentage Should return 0 as 1% of numbers up to 99" time="0.0290" classname="Should return 0 as 1% of numbers up to 99">
    </testcase>
    <testcase name="Calculator calcPercentage Should return 1 as 1% of numbers between 100 and 199" time="0.0240" classname="Should return 1 as 1% of numbers between 100 and 199">
    </testcase>
    <testcase name="Calculator calcPercentage Should return 100% of numbers" time="0.0220" classname="Should return 100% of numbers">
    </testcase>
  </testsuite>
  <testsuite name="GameFactory" timestamp="2022-03-21T08:47:09" tests="7" file="/home/fabianorodrigo/Projetos/solidity/dAppSoccerBet/backend-hardhat/test/GameFactoryTest.ts" time="1.9860" failures="0">
    <testcase name="GameFactory Should create a new game" time="0.0580" classname="Should create a new game">
    </testcase>
    <testcase name="GameFactory Should list games" time="0.1620" classname="Should list games">
    </testcase>
    <testcase name="GameFactory Should set commision fee for future created Games" time="0.0640" classname="Should set commision fee for future created Games">
    </testcase>
    <testcase name="GameFactory Should revert if someone different from owner try set commission" time="0.0140" classname="Should revert if someone different from owner try set commission">
    </testcase>
    <testcase name="GameFactory Should eventual Ether balance of GameFactory contract be sent to the owner" time="0.0430" classname="Should eventual Ether balance of GameFactory contract be sent to the owner">
    </testcase>
    <testcase name="GameFactory Should revert if someone different from owner try destroy contract" time="0.0110" classname="Should revert if someone different from owner try destroy contract">
    </testcase>
    <testcase name="GameFactory Should revert if sending Ether to the contract" time="0.0010" classname="Should revert if sending Ether to the contract">
    </testcase>
  </testsuite>
  <testsuite name="Game Finalize" timestamp="2022-03-21T08:47:11" tests="3" file="/home/fabianorodrigo/Projetos/solidity/dAppSoccerBet/backend-hardhat/test/GameFinalizeCalcPrizesTest.ts" time="2.5490" failures="0">
    <testcase name="Game Finalize Should pay 90% of stake to the winner bet" time="0.6710" classname="Should pay 90% of stake to the winner bet">
    </testcase>
    <testcase name="Game Finalize Should split proportionally 90% of stake to the winners bets" time="0.6220" classname="Should split proportionally 90% of stake to the winners bets">
    </testcase>
    <testcase name="Game Finalize Should refund 90% of stake to all bets if nobody matches the final score" time="0.5960" classname="Should refund 90% of stake to all bets if nobody matches the final score">
    </testcase>
  </testsuite>
  <testsuite name="Game" timestamp="2022-03-21T08:47:13" tests="23" file="/home/fabianorodrigo/Projetos/solidity/dAppSoccerBet/backend-hardhat/test/GameTest.ts" time="5.7520" failures="0">
    <testcase name="Game Should have the initial state accordingly" time="0.0210" classname="Should have the initial state accordingly">
    </testcase>
    <testcase name="Game Should open closed game for betting" time="0.0160" classname="Should open closed game for betting">
    </testcase>
    <testcase name="Game Should revert if try open for betting an already open game" time="0.0170" classname="Should revert if try open for betting an already open game">
    </testcase>
    <testcase name="Game Should revert if someone different from owner try open a game for betting" time="0.0060" classname="Should revert if someone different from owner try open a game for betting">
    </testcase>
    <testcase name="Game Should close open game for betting" time="0.0240" classname="Should close open game for betting">
    </testcase>
    <testcase name="Game Should revert if try close for betting an closed game" time="0.0000" classname="Should revert if try close for betting an closed game">
    </testcase>
    <testcase name="Game Should revert if someone different from owner try close a game for betting" time="0.0070" classname="Should revert if someone different from owner try close a game for betting">
    </testcase>
    <testcase name="Game Should finalize a closed game" time="0.0290" classname="Should finalize a closed game">
    </testcase>
    <testcase name="Game Should revert if try to finalize an open game" time="0.0300" classname="Should revert if try to finalize an open game">
    </testcase>
    <testcase name="Game Should revert if try to finalize an already finalized game" time="0.0310" classname="Should revert if try to finalize an already finalized game">
    </testcase>
    <testcase name="Game Should revert if someone different from owner try finalize a game" time="0.0080" classname="Should revert if someone different from owner try finalize a game">
    </testcase>
    <testcase name="Game Should make a bet on an open game" time="0.1280" classname="Should make a bet on an open game">
    </testcase>
    <testcase name="Game Should revert if try to bet on a closed game" time="0.1060" classname="Should revert if try to bet on a closed game">
    </testcase>
    <testcase name="Game Should revert if try to bet zero BetTokens on a game" time="0.0190" classname="Should revert if try to bet zero BetTokens on a game">
    </testcase>
    <testcase name="Game Should revert if try to bet on a game without BetTokens" time="0.0100" classname="Should revert if try to bet on a game without BetTokens">
    </testcase>
    <testcase name="Game Should revert if try to bet on a game without approve enough BetTokens for Game contract" time="0.1100" classname="Should revert if try to bet on a game without approve enough BetTokens for Game contract">
    </testcase>
    <testcase name="Game Should list all bets on an game" time="0.1950" classname="Should list all bets on an game">
    </testcase>
    <testcase name="Game Should get the sum of BetTokens bet on an game" time="0.2010" classname="Should get the sum of BetTokens bet on an game">
    </testcase>
    <testcase name="Game Should get the percentage of administration commission applyed over the stake of a game" time="0.2480" classname="Should get the percentage of administration commission applyed over the stake of a game">
    </testcase>
    <testcase name="Game Should get the total stake of a game less the administration commission" time="0.2090" classname="Should get the total stake of a game less the administration commission">
    </testcase>
    <testcase name="Game Should eventual Ether balance of Game contract be sent to the owner" time="0.0390" classname="Should eventual Ether balance of Game contract be sent to the owner">
    </testcase>
    <testcase name="Game Should revert if someone different from owner try destroy contract" time="0.0060" classname="Should revert if someone different from owner try destroy contract">
    </testcase>
    <testcase name="Game Should revert if sending Ether to the contract" time="0.0000" classname="Should revert if sending Ether to the contract">
    </testcase>
  </testsuite>
  <testsuite name="Game Prize Withdraw" timestamp="2022-03-21T08:47:19" tests="8" file="/home/fabianorodrigo/Projetos/solidity/dAppSoccerBet/backend-hardhat/test/GameWithdrawPrizeTest.ts" time="6.2250" failures="0">
    <testcase name="Game Prize Withdraw Should revert if an inexistent bet index is informed" time="0.0110" classname="Should revert if an inexistent bet index is informed">
    </testcase>
    <testcase name="Game Prize Withdraw Should revert if try to withdraw the prize of a bet with unknown result" time="0.0160" classname="Should revert if try to withdraw the prize of a bet with unknown result">
    </testcase>
    <testcase name="Game Prize Withdraw Should revert if try to withdraw the prize of a loser bet" time="0.0560" classname="Should revert if try to withdraw the prize of a loser bet">
    </testcase>
    <testcase name="Game Prize Withdraw Should revert if try to withdraw the prize of already paid bet" time="0.0660" classname="Should revert if try to withdraw the prize of already paid bet">
    </testcase>
    <testcase name="Game Prize Withdraw Should revert if an account different from the bet&apos;s bettor is trying to withdraw the prize" time="0.0530" classname="Should revert if an account different from the bet&apos;s bettor is trying to withdraw the prize">
    </testcase>
    <testcase name="Game Prize Withdraw Should withdraw 90% of stake to the winner bet" time="0.0830" classname="Should withdraw 90% of stake to the winner bet">
    </testcase>
    <testcase name="Game Prize Withdraw Should split proportionally 90% of stake to the winners bets" time="0.0950" classname="Should split proportionally 90% of stake to the winners bets">
    </testcase>
    <testcase name="Game Prize Withdraw Should refund 90% of stake to all bets if nobody matches the final score" time="0.1530" classname="Should refund 90% of stake to all bets if nobody matches the final score">
    </testcase>
  </testsuite>
</testsuites>